# JRE version: Java(TM) SE Runtime Environment (8.0_91-b14) (build 1.8.0_91-b14)
# Java VM: Java HotSpot(TM) 64-Bit Server VM (25.91-b14 mixed mode linux-amd64 compressed oops)
Heap:
 PSYoungGen      total 87040K, used 3241K [0x00000000eab00000, 0x00000000f0500000, 0x0000000100000000)
  eden space 83456K, 0% used [0x00000000eab00000,0x00000000eab00000,0x00000000efc80000)
  from space 3584K, 90% used [0x00000000efe00000,0x00000000f012a420,0x00000000f0180000)
  to   space 3584K, 0% used [0x00000000f0180000,0x00000000f0180000,0x00000000f0500000)
 ParOldGen       total 97280K, used 27096K [0x00000000c0000000, 0x00000000c5f00000, 0x00000000eab00000)
  object space 97280K, 27% used [0x00000000c0000000,0x00000000c1a76208,0x00000000c5f00000)
 Metaspace       used 4736K, capacity 5464K, committed 5760K, reserved 1056768K
  class space    used 496K, capacity 528K, committed 640K, reserved 1048576K
GC Heap History (10 events):
Event: 0.311 GC heap after
Heap after GC invocations=1 (full 0):
 PSYoungGen      total 27136K, used 3576K [0x00000000eab00000, 0x00000000ee000000, 0x0000000100000000)
  eden space 23552K, 0% used [0x00000000eab00000,0x00000000eab00000,0x00000000ec200000)
  from space 3584K, 99% used [0x00000000ec200000,0x00000000ec57e188,0x00000000ec580000)
  to   space 3584K, 0% used [0x00000000edc80000,0x00000000edc80000,0x00000000ee000000)
 ParOldGen       total 61440K, used 3172K [0x00000000c0000000, 0x00000000c3c00000, 0x00000000eab00000)
  object space 61440K, 5% used [0x00000000c0000000,0x00000000c0319338,0x00000000c3c00000)
 Metaspace       used 3516K, capacity 4720K, committed 4864K, reserved 1056768K
  class space    used 376K, capacity 424K, committed 512K, reserved 1048576K
}
Event: 0.429 GC heap before
{Heap before GC invocations=2 (full 0):
 PSYoungGen      total 27136K, used 27128K [0x00000000eab00000, 0x00000000ee000000, 0x0000000100000000)
  eden space 23552K, 100% used [0x00000000eab00000,0x00000000ec200000,0x00000000ec200000)
  from space 3584K, 99% used [0x00000000ec200000,0x00000000ec57e188,0x00000000ec580000)
  to   space 3584K, 0% used [0x00000000edc80000,0x00000000edc80000,0x00000000ee000000)
 ParOldGen       total 61440K, used 3172K [0x00000000c0000000, 0x00000000c3c00000, 0x00000000eab00000)
  object space 61440K, 5% used [0x00000000c0000000,0x00000000c0319338,0x00000000c3c00000)
 Metaspace       used 3833K, capacity 4944K, committed 5120K, reserved 1056768K
  class space    used 406K, capacity 456K, committed 512K, reserved 1048576K
Event: 0.457 GC heap after
Heap after GC invocations=2 (full 0):
 PSYoungGen      total 50688K, used 3567K [0x00000000eab00000, 0x00000000ee000000, 0x0000000100000000)
  eden space 47104K, 0% used [0x00000000eab00000,0x00000000eab00000,0x00000000ed900000)
  from space 3584K, 99% used [0x00000000edc80000,0x00000000edffbd68,0x00000000ee000000)
  to   space 3584K, 0% used [0x00000000ed900000,0x00000000ed900000,0x00000000edc80000)
 ParOldGen       total 61440K, used 44665K [0x00000000c0000000, 0x00000000c3c00000, 0x00000000eab00000)
  object space 61440K, 72% used [0x00000000c0000000,0x00000000c2b9e7f0,0x00000000c3c00000)
 Metaspace       used 3833K, capacity 4944K, committed 5120K, reserved 1056768K
  class space    used 406K, capacity 456K, committed 512K, reserved 1048576K
}
Event: 0.457 GC heap before
{Heap before GC invocations=3 (full 1):
 PSYoungGen      total 50688K, used 3567K [0x00000000eab00000, 0x00000000ee000000, 0x0000000100000000)
  eden space 47104K, 0% used [0x00000000eab00000,0x00000000eab00000,0x00000000ed900000)
  from space 3584K, 99% used [0x00000000edc80000,0x00000000edffbd68,0x00000000ee000000)
  to   space 3584K, 0% used [0x00000000ed900000,0x00000000ed900000,0x00000000edc80000)
 ParOldGen       total 61440K, used 44665K [0x00000000c0000000, 0x00000000c3c00000, 0x00000000eab00000)
  object space 61440K, 72% used [0x00000000c0000000,0x00000000c2b9e7f0,0x00000000c3c00000)
 Metaspace       used 3833K, capacity 4944K, committed 5120K, reserved 1056768K
  class space    used 406K, capacity 456K, committed 512K, reserved 1048576K
Event: 0.465 GC heap after
Heap after GC invocations=3 (full 1):
 PSYoungGen      total 50688K, used 0K [0x00000000eab00000, 0x00000000ee000000, 0x0000000100000000)
  eden space 47104K, 0% used [0x00000000eab00000,0x00000000eab00000,0x00000000ed900000)
  from space 3584K, 0% used [0x00000000edc80000,0x00000000edc80000,0x00000000ee000000)
  to   space 3584K, 0% used [0x00000000ed900000,0x00000000ed900000,0x00000000edc80000)
 ParOldGen       total 97280K, used 18990K [0x00000000c0000000, 0x00000000c5f00000, 0x00000000eab00000)
  object space 97280K, 19% used [0x00000000c0000000,0x00000000c128bb70,0x00000000c5f00000)
 Metaspace       used 3833K, capacity 4944K, committed 5120K, reserved 1056768K
  class space    used 406K, capacity 456K, committed 512K, reserved 1048576K
}
Event: 0.644 GC heap before
{Heap before GC invocations=4 (full 1):
 PSYoungGen      total 50688K, used 47104K [0x00000000eab00000, 0x00000000ee000000, 0x0000000100000000)
  eden space 47104K, 100% used [0x00000000eab00000,0x00000000ed900000,0x00000000ed900000)
  from space 3584K, 0% used [0x00000000edc80000,0x00000000edc80000,0x00000000ee000000)
  to   space 3584K, 0% used [0x00000000ed900000,0x00000000ed900000,0x00000000edc80000)
 ParOldGen       total 97280K, used 18990K [0x00000000c0000000, 0x00000000c5f00000, 0x00000000eab00000)
  object space 97280K, 19% used [0x00000000c0000000,0x00000000c128bb70,0x00000000c5f00000)
 Metaspace       used 3938K, capacity 5008K, committed 5120K, reserved 1056768K
  class space    used 412K, capacity 456K, committed 512K, reserved 1048576K
Event: 0.646 GC heap after
Heap after GC invocations=4 (full 1):
 PSYoungGen      total 50688K, used 928K [0x00000000eab00000, 0x00000000f0500000, 0x0000000100000000)
  eden space 47104K, 0% used [0x00000000eab00000,0x00000000eab00000,0x00000000ed900000)
  from space 3584K, 25% used [0x00000000ed900000,0x00000000ed9e8000,0x00000000edc80000)
  to   space 3584K, 0% used [0x00000000f0180000,0x00000000f0180000,0x00000000f0500000)
 ParOldGen       total 97280K, used 18998K [0x00000000c0000000, 0x00000000c5f00000, 0x00000000eab00000)
  object space 97280K, 19% used [0x00000000c0000000,0x00000000c128db70,0x00000000c5f00000)
 Metaspace       used 3938K, capacity 5008K, committed 5120K, reserved 1056768K
  class space    used 412K, capacity 456K, committed 512K, reserved 1048576K
}
Event: 0.977 GC heap before
{Heap before GC invocations=5 (full 1):
 PSYoungGen      total 50688K, used 48032K [0x00000000eab00000, 0x00000000f0500000, 0x0000000100000000)
  eden space 47104K, 100% used [0x00000000eab00000,0x00000000ed900000,0x00000000ed900000)
  from space 3584K, 25% used [0x00000000ed900000,0x00000000ed9e8000,0x00000000edc80000)
  to   space 3584K, 0% used [0x00000000f0180000,0x00000000f0180000,0x00000000f0500000)
 ParOldGen       total 97280K, used 18998K [0x00000000c0000000, 0x00000000c5f00000, 0x00000000eab00000)
  object space 97280K, 19% used [0x00000000c0000000,0x00000000c128db70,0x00000000c5f00000)
 Metaspace       used 4411K, capacity 5424K, committed 5632K, reserved 1056768K
  class space    used 460K, capacity 488K, committed 512K, reserved 1048576K
Event: 0.984 GC heap after
Heap after GC invocations=5 (full 1):
 PSYoungGen      total 87040K, used 3582K [0x00000000eab00000, 0x00000000f0500000, 0x0000000100000000)
  eden space 83456K, 0% used [0x00000000eab00000,0x00000000eab00000,0x00000000efc80000)
  from space 3584K, 99% used [0x00000000f0180000,0x00000000f04ffa58,0x00000000f0500000)
  to   space 3584K, 0% used [0x00000000efe00000,0x00000000efe00000,0x00000000f0180000)
 ParOldGen       total 97280K, used 19534K [0x00000000c0000000, 0x00000000c5f00000, 0x00000000eab00000)
  object space 97280K, 20% used [0x00000000c0000000,0x00000000c1313aa8,0x00000000c5f00000)
 Metaspace       used 4411K, capacity 5424K, committed 5632K, reserved 1056768K
  class space    used 460K, capacity 488K, committed 512K, reserved 1048576K
}
Event: 1.390 GC heap before
{Heap before GC invocations=6 (full 1):
 PSYoungGen      total 87040K, used 87038K [0x00000000eab00000, 0x00000000f0500000, 0x0000000100000000)
  eden space 83456K, 100% used [0x00000000eab00000,0x00000000efc80000,0x00000000efc80000)
  from space 3584K, 99% used [0x00000000f0180000,0x00000000f04ffa58,0x00000000f0500000)
  to   space 3584K, 0% used [0x00000000efe00000,0x00000000efe00000,0x00000000f0180000)
 ParOldGen       total 97280K, used 19534K [0x00000000c0000000, 0x00000000c5f00000, 0x00000000eab00000)
  object space 97280K, 20% used [0x00000000c0000000,0x00000000c1313aa8,0x00000000c5f00000)
 Metaspace       used 4736K, capacity 5464K, committed 5760K, reserved 1056768K
  class space    used 496K, capacity 528K, committed 640K, reserved 1048576K

