# JRE version: Java(TM) SE Runtime Environment (8.0_91-b14) (build 1.8.0_91-b14)
# Java VM: Java HotSpot(TM) 64-Bit Server VM (25.91-b14 mixed mode linux-amd64 compressed oops)
Heap:
 PSYoungGen      total 211456K, used 0K [0x00000000eab00000, 0x00000000ff000000, 0x0000000100000000)
  eden space 176128K, 0% used [0x00000000eab00000,0x00000000eab00000,0x00000000f5700000)
  from space 35328K, 0% used [0x00000000f5700000,0x00000000f5700000,0x00000000f7980000)
  to   space 51712K, 0% used [0x00000000fbd80000,0x00000000fbd80000,0x00000000ff000000)
 ParOldGen       total 219648K, used 196395K [0x00000000c0000000, 0x00000000cd680000, 0x00000000eab00000)
  object space 219648K, 89% used [0x00000000c0000000,0x00000000cbfcafe0,0x00000000cd680000)
 Metaspace       used 6467K, capacity 7256K, committed 7424K, reserved 1056768K
  class space    used 615K, capacity 656K, committed 768K, reserved 1048576K
GC Heap History (10 events):
Event: 19.555 GC heap after
Heap after GC invocations=8 (full 0):
 PSYoungGen      total 201216K, used 25066K [0x00000000eab00000, 0x00000000fa600000, 0x0000000100000000)
  eden space 176128K, 0% used [0x00000000eab00000,0x00000000eab00000,0x00000000f5700000)
  from space 25088K, 99% used [0x00000000f7980000,0x00000000f91fa980,0x00000000f9200000)
  to   space 35328K, 0% used [0x00000000f5700000,0x00000000f5700000,0x00000000f7980000)
 ParOldGen       total 61440K, used 46558K [0x00000000c0000000, 0x00000000c3c00000, 0x00000000eab00000)
  object space 61440K, 75% used [0x00000000c0000000,0x00000000c2d77830,0x00000000c3c00000)
 Metaspace       used 6414K, capacity 7192K, committed 7424K, reserved 1056768K
  class space    used 614K, capacity 656K, committed 768K, reserved 1048576K
}
Event: 19.555 GC heap before
{Heap before GC invocations=9 (full 1):
 PSYoungGen      total 201216K, used 25066K [0x00000000eab00000, 0x00000000fa600000, 0x0000000100000000)
  eden space 176128K, 0% used [0x00000000eab00000,0x00000000eab00000,0x00000000f5700000)
  from space 25088K, 99% used [0x00000000f7980000,0x00000000f91fa980,0x00000000f9200000)
  to   space 35328K, 0% used [0x00000000f5700000,0x00000000f5700000,0x00000000f7980000)
 ParOldGen       total 61440K, used 46558K [0x00000000c0000000, 0x00000000c3c00000, 0x00000000eab00000)
  object space 61440K, 75% used [0x00000000c0000000,0x00000000c2d77830,0x00000000c3c00000)
 Metaspace       used 6414K, capacity 7192K, committed 7424K, reserved 1056768K
  class space    used 614K, capacity 656K, committed 768K, reserved 1048576K
Event: 20.753 GC heap after
Heap after GC invocations=9 (full 1):
 PSYoungGen      total 201216K, used 1513K [0x00000000eab00000, 0x00000000fa600000, 0x0000000100000000)
  eden space 176128K, 0% used [0x00000000eab00000,0x00000000eab00000,0x00000000f5700000)
  from space 25088K, 6% used [0x00000000f7980000,0x00000000f7afa4c0,0x00000000f9200000)
  to   space 35328K, 0% used [0x00000000f5700000,0x00000000f5700000,0x00000000f7980000)
 ParOldGen       total 112640K, used 61269K [0x00000000c0000000, 0x00000000c6e00000, 0x00000000eab00000)
  object space 112640K, 54% used [0x00000000c0000000,0x00000000c3bd5658,0x00000000c6e00000)
 Metaspace       used 6414K, capacity 7192K, committed 7424K, reserved 1056768K
  class space    used 614K, capacity 656K, committed 768K, reserved 1048576K
}
Event: 23.295 GC heap before
{Heap before GC invocations=10 (full 1):
 PSYoungGen      total 201216K, used 177641K [0x00000000eab00000, 0x00000000fa600000, 0x0000000100000000)
  eden space 176128K, 100% used [0x00000000eab00000,0x00000000f5700000,0x00000000f5700000)
  from space 25088K, 6% used [0x00000000f7980000,0x00000000f7afa4c0,0x00000000f9200000)
  to   space 35328K, 0% used [0x00000000f5700000,0x00000000f5700000,0x00000000f7980000)
 ParOldGen       total 112640K, used 61269K [0x00000000c0000000, 0x00000000c6e00000, 0x00000000eab00000)
  object space 112640K, 54% used [0x00000000c0000000,0x00000000c3bd5658,0x00000000c6e00000)
 Metaspace       used 6459K, capacity 7256K, committed 7424K, reserved 1056768K
  class space    used 615K, capacity 656K, committed 768K, reserved 1048576K
Event: 23.419 GC heap after
Heap after GC invocations=10 (full 1):
 PSYoungGen      total 211456K, used 35300K [0x00000000eab00000, 0x00000000ff000000, 0x0000000100000000)
  eden space 176128K, 0% used [0x00000000eab00000,0x00000000eab00000,0x00000000f5700000)
  from space 35328K, 99% used [0x00000000f5700000,0x00000000f79792b8,0x00000000f7980000)
  to   space 51712K, 0% used [0x00000000fbd80000,0x00000000fbd80000,0x00000000ff000000)
 ParOldGen       total 112640K, used 85417K [0x00000000c0000000, 0x00000000c6e00000, 0x00000000eab00000)
  object space 112640K, 75% used [0x00000000c0000000,0x00000000c536a720,0x00000000c6e00000)
 Metaspace       used 6459K, capacity 7256K, committed 7424K, reserved 1056768K
  class space    used 615K, capacity 656K, committed 768K, reserved 1048576K
}
Event: 23.584 GC heap before
{Heap before GC invocations=11 (full 1):
 PSYoungGen      total 211456K, used 211428K [0x00000000eab00000, 0x00000000ff000000, 0x0000000100000000)
  eden space 176128K, 100% used [0x00000000eab00000,0x00000000f5700000,0x00000000f5700000)
  from space 35328K, 99% used [0x00000000f5700000,0x00000000f79792b8,0x00000000f7980000)
  to   space 51712K, 0% used [0x00000000fbd80000,0x00000000fbd80000,0x00000000ff000000)
 ParOldGen       total 112640K, used 85417K [0x00000000c0000000, 0x00000000c6e00000, 0x00000000eab00000)
  object space 112640K, 75% used [0x00000000c0000000,0x00000000c536a720,0x00000000c6e00000)
 Metaspace       used 6464K, capacity 7256K, committed 7424K, reserved 1056768K
  class space    used 615K, capacity 656K, committed 768K, reserved 1048576K
Event: 24.310 GC heap after
Heap after GC invocations=11 (full 1):
 PSYoungGen      total 211456K, used 211428K [0x00000000eab00000, 0x00000000ff000000, 0x0000000100000000)
  eden space 176128K, 100% used [0x00000000eab00000,0x00000000f5700000,0x00000000f5700000)
  from space 35328K, 99% used [0x00000000f5700000,0x00000000f79792b8,0x00000000f7980000)
  to   space 51712K, 99% used [0x00000000fbd80000,0x00000000feff9918,0x00000000ff000000)
 ParOldGen       total 153600K, used 152976K [0x00000000c0000000, 0x00000000c9600000, 0x00000000eab00000)
  object space 153600K, 99% used [0x00000000c0000000,0x00000000c9564090,0x00000000c9600000)
 Metaspace       used 6464K, capacity 7256K, committed 7424K, reserved 1056768K
  class space    used 615K, capacity 656K, committed 768K, reserved 1048576K
}
Event: 24.310 GC heap before
{Heap before GC invocations=12 (full 2):
 PSYoungGen      total 211456K, used 211428K [0x00000000eab00000, 0x00000000ff000000, 0x0000000100000000)
  eden space 176128K, 100% used [0x00000000eab00000,0x00000000f5700000,0x00000000f5700000)
  from space 35328K, 99% used [0x00000000f5700000,0x00000000f79792b8,0x00000000f7980000)
  to   space 51712K, 99% used [0x00000000fbd80000,0x00000000feff9918,0x00000000ff000000)
 ParOldGen       total 153600K, used 152976K [0x00000000c0000000, 0x00000000c9600000, 0x00000000eab00000)
  object space 153600K, 99% used [0x00000000c0000000,0x00000000c9564090,0x00000000c9600000)
 Metaspace       used 6464K, capacity 7256K, committed 7424K, reserved 1056768K
  class space    used 615K, capacity 656K, committed 768K, reserved 1048576K
Event: 24.684 GC heap after
Heap after GC invocations=12 (full 2):
 PSYoungGen      total 211456K, used 0K [0x00000000eab00000, 0x00000000ff000000, 0x0000000100000000)
  eden space 176128K, 0% used [0x00000000eab00000,0x00000000eab00000,0x00000000f5700000)
  from space 35328K, 0% used [0x00000000f5700000,0x00000000f5700000,0x00000000f7980000)
  to   space 51712K, 81% used [0x00000000fbd80000,0x00000000fe6a8530,0x00000000ff000000)
 ParOldGen       total 219648K, used 153096K [0x00000000c0000000, 0x00000000cd680000, 0x00000000eab00000)
  object space 219648K, 69% used [0x00000000c0000000,0x00000000c9582100,0x00000000cd680000)
 Metaspace       used 6464K, capacity 7256K, committed 7424K, reserved 1056768K
  class space    used 615K, capacity 656K, committed 768K, reserved 1048576K
}
Event: 25.075 GC heap before
{Heap before GC invocations=13 (full 3):
 PSYoungGen      total 211456K, used 176128K [0x00000000eab00000, 0x00000000ff000000, 0x0000000100000000)
  eden space 176128K, 100% used [0x00000000eab00000,0x00000000f5700000,0x00000000f5700000)
  from space 35328K, 0% used [0x00000000f5700000,0x00000000f5700000,0x00000000f7980000)
  to   space 51712K, 81% used [0x00000000fbd80000,0x00000000fe6a8530,0x00000000ff000000)
 ParOldGen       total 219648K, used 153096K [0x00000000c0000000, 0x00000000cd680000, 0x00000000eab00000)
  object space 219648K, 69% used [0x00000000c0000000,0x00000000c9582100,0x00000000cd680000)
 Metaspace       used 6467K, capacity 7256K, committed 7424K, reserved 1056768K
  class space    used 615K, capacity 656K, committed 768K, reserved 1048576K

